<?xml version="1.0" encoding="UTF-8"?>
<testng-results ignored="0" total="1" passed="1" failed="0" skipped="0">
  <reporter-output>
  </reporter-output>
  <suite started-at="2024-10-05T18:22:02 IST" name="Default suite" finished-at="2024-10-05T18:23:21 IST" duration-ms="78862">
    <groups>
    </groups>
    <test started-at="2024-10-05T18:22:02 IST" name="Default test" finished-at="2024-10-05T18:23:21 IST" duration-ms="78862">
      <class name="Hybrid.RoyalBrotherTest">
        <test-method is-config="true" signature="bt()[pri:0, instance:Hybrid.RoyalBrotherTest@4d1bf319]" started-at="2024-10-05T18:22:02 IST" name="bt" finished-at="2024-10-05T18:22:15 IST" duration-ms="13545" status="PASS">
          <reporter-output>
          </reporter-output>
        </test-method> <!-- bt -->
        <test-method signature="Royal()[pri:0, instance:Hybrid.RoyalBrotherTest@4d1bf319]" started-at="2024-10-05T18:22:15 IST" name="Royal" finished-at="2024-10-05T18:23:21 IST" duration-ms="65204" status="PASS">
          <reporter-output>
          </reporter-output>
        </test-method> <!-- Royal -->
      </class> <!-- Hybrid.RoyalBrotherTest -->
    </test> <!-- Default test -->
  </suite> <!-- Default suite -->
</testng-results>
